C:\Users\gaurav\source\repos\Himalayan_Angular\Himalayan_Angular\app\app.component.js
C:\Users\gaurav\source\repos\Himalayan_Angular\Himalayan_Angular\app\app.component.js.map
C:\Users\gaurav\source\repos\Himalayan_Angular\Himalayan_Angular\app\component\public\public.js
C:\Users\gaurav\source\repos\Himalayan_Angular\Himalayan_Angular\app\component\public\public.js.map
C:\Users\gaurav\source\repos\Himalayan_Angular\Himalayan_Angular\app\app.module.js
C:\Users\gaurav\source\repos\Himalayan_Angular\Himalayan_Angular\app\app.module.js.map
C:\Users\gaurav\source\repos\Himalayan_Angular\Himalayan_Angular\app\main.js
C:\Users\gaurav\source\repos\Himalayan_Angular\Himalayan_Angular\app\main.js.map
C:\Users\gaurav\source\repos\Himalayan_Angular\Himalayan_Angular\app\model\model.js
C:\Users\gaurav\source\repos\Himalayan_Angular\Himalayan_Angular\app\model\model.js.map
C:\Users\gaurav\source\repos\Himalayan_Angular\Himalayan_Angular\app\servies\BaseServices.js
C:\Users\gaurav\source\repos\Himalayan_Angular\Himalayan_Angular\app\servies\BaseServices.js.map
C:\Users\gaurav\source\repos\Himalayan_Angular\Himalayan_Angular\app\app.component.js
C:\Users\gaurav\source\repos\Himalayan_Angular\Himalayan_Angular\app\app.component.js.map
C:\Users\gaurav\source\repos\Himalayan_Angular\Himalayan_Angular\app\component\public\public.js
C:\Users\gaurav\source\repos\Himalayan_Angular\Himalayan_Angular\app\component\public\public.js.map
C:\Users\gaurav\source\repos\Himalayan_Angular\Himalayan_Angular\app\app.module.js
C:\Users\gaurav\source\repos\Himalayan_Angular\Himalayan_Angular\app\app.module.js.map
C:\Users\gaurav\source\repos\Himalayan_Angular\Himalayan_Angular\app\main.js
C:\Users\gaurav\source\repos\Himalayan_Angular\Himalayan_Angular\app\main.js.map
C:\Users\gaurav\source\repos\Himalayan_Angular\Himalayan_Angular\app\model\model.js
C:\Users\gaurav\source\repos\Himalayan_Angular\Himalayan_Angular\app\model\model.js.map
C:\Users\gaurav\source\repos\Himalayan_Angular\Himalayan_Angular\app\servies\BaseServices.js
C:\Users\gaurav\source\repos\Himalayan_Angular\Himalayan_Angular\app\servies\BaseServices.js.map
C:\Users\gaurav\source\repos\Himalayan_Angular\Himalayan_Angular\app\app.component.js
C:\Users\gaurav\source\repos\Himalayan_Angular\Himalayan_Angular\app\app.component.js.map
C:\Users\gaurav\source\repos\Himalayan_Angular\Himalayan_Angular\app\component\public\public.js
C:\Users\gaurav\source\repos\Himalayan_Angular\Himalayan_Angular\app\component\public\public.js.map
C:\Users\gaurav\source\repos\Himalayan_Angular\Himalayan_Angular\app\app.module.js
C:\Users\gaurav\source\repos\Himalayan_Angular\Himalayan_Angular\app\app.module.js.map
C:\Users\gaurav\source\repos\Himalayan_Angular\Himalayan_Angular\app\main.js
C:\Users\gaurav\source\repos\Himalayan_Angular\Himalayan_Angular\app\main.js.map
C:\Users\gaurav\source\repos\Himalayan_Angular\Himalayan_Angular\app\model\model.js
C:\Users\gaurav\source\repos\Himalayan_Angular\Himalayan_Angular\app\model\model.js.map
C:\Users\gaurav\source\repos\Himalayan_Angular\Himalayan_Angular\app\servies\BaseServices.js
C:\Users\gaurav\source\repos\Himalayan_Angular\Himalayan_Angular\app\servies\BaseServices.js.map
C:\Users\gaurav\source\repos\Himalayan_Angular\Himalayan_Angular\app\app.component.js
C:\Users\gaurav\source\repos\Himalayan_Angular\Himalayan_Angular\app\app.component.js.map
C:\Users\gaurav\source\repos\Himalayan_Angular\Himalayan_Angular\app\component\public\public.js
C:\Users\gaurav\source\repos\Himalayan_Angular\Himalayan_Angular\app\component\public\public.js.map
C:\Users\gaurav\source\repos\Himalayan_Angular\Himalayan_Angular\app\app.module.js
C:\Users\gaurav\source\repos\Himalayan_Angular\Himalayan_Angular\app\app.module.js.map
C:\Users\gaurav\source\repos\Himalayan_Angular\Himalayan_Angular\app\main.js
C:\Users\gaurav\source\repos\Himalayan_Angular\Himalayan_Angular\app\main.js.map
C:\Users\gaurav\source\repos\Himalayan_Angular\Himalayan_Angular\app\model\model.js
C:\Users\gaurav\source\repos\Himalayan_Angular\Himalayan_Angular\app\model\model.js.map
C:\Users\gaurav\source\repos\Himalayan_Angular\Himalayan_Angular\app\servies\BaseServices.js
C:\Users\gaurav\source\repos\Himalayan_Angular\Himalayan_Angular\app\servies\BaseServices.js.map
F:\Github\New folder\himalaypinewood\Himalayan_Angular\Himalayan_Angular\app\app.component.js
F:\Github\New folder\himalaypinewood\Himalayan_Angular\Himalayan_Angular\app\app.component.js.map
F:\Github\New folder\himalaypinewood\Himalayan_Angular\Himalayan_Angular\app\component\public\public.js
F:\Github\New folder\himalaypinewood\Himalayan_Angular\Himalayan_Angular\app\component\public\public.js.map
F:\Github\New folder\himalaypinewood\Himalayan_Angular\Himalayan_Angular\app\app.module.js
F:\Github\New folder\himalaypinewood\Himalayan_Angular\Himalayan_Angular\app\app.module.js.map
F:\Github\New folder\himalaypinewood\Himalayan_Angular\Himalayan_Angular\app\main.js
F:\Github\New folder\himalaypinewood\Himalayan_Angular\Himalayan_Angular\app\main.js.map
F:\Github\New folder\himalaypinewood\Himalayan_Angular\Himalayan_Angular\app\model\model.js
F:\Github\New folder\himalaypinewood\Himalayan_Angular\Himalayan_Angular\app\model\model.js.map
F:\Github\New folder\himalaypinewood\Himalayan_Angular\Himalayan_Angular\app\servies\BaseServices.js
F:\Github\New folder\himalaypinewood\Himalayan_Angular\Himalayan_Angular\app\servies\BaseServices.js.map
F:\Github\New folder\himalaypinewood\Himalayan_Angular\Himalayan_Angular\app\component\admin\admin.component.js
F:\Github\New folder\himalaypinewood\Himalayan_Angular\Himalayan_Angular\app\component\admin\admin.component.js.map
F:\Github\New folder\himalaypinewood\Himalayan_Angular\Himalayan_Angular\app\app.component.js
F:\Github\New folder\himalaypinewood\Himalayan_Angular\Himalayan_Angular\app\app.component.js.map
F:\Github\New folder\himalaypinewood\Himalayan_Angular\Himalayan_Angular\app\component\public\public.js
F:\Github\New folder\himalaypinewood\Himalayan_Angular\Himalayan_Angular\app\component\public\public.js.map
F:\Github\New folder\himalaypinewood\Himalayan_Angular\Himalayan_Angular\app\component\admin\admin.component.js
F:\Github\New folder\himalaypinewood\Himalayan_Angular\Himalayan_Angular\app\component\admin\admin.component.js.map
F:\Github\New folder\himalaypinewood\Himalayan_Angular\Himalayan_Angular\app\app.module.js
F:\Github\New folder\himalaypinewood\Himalayan_Angular\Himalayan_Angular\app\app.module.js.map
F:\Github\New folder\himalaypinewood\Himalayan_Angular\Himalayan_Angular\app\main.js
F:\Github\New folder\himalaypinewood\Himalayan_Angular\Himalayan_Angular\app\main.js.map
F:\Github\New folder\himalaypinewood\Himalayan_Angular\Himalayan_Angular\app\model\model.js
F:\Github\New folder\himalaypinewood\Himalayan_Angular\Himalayan_Angular\app\model\model.js.map
F:\Github\New folder\himalaypinewood\Himalayan_Angular\Himalayan_Angular\app\servies\BaseServices.js
F:\Github\New folder\himalaypinewood\Himalayan_Angular\Himalayan_Angular\app\servies\BaseServices.js.map
F:\Github\New folder\himalaypinewood\Himalayan_Angular\Himalayan_Angular\app\app.component.js
F:\Github\New folder\himalaypinewood\Himalayan_Angular\Himalayan_Angular\app\app.component.js.map
F:\Github\New folder\himalaypinewood\Himalayan_Angular\Himalayan_Angular\app\component\public\public.js
F:\Github\New folder\himalaypinewood\Himalayan_Angular\Himalayan_Angular\app\component\public\public.js.map
F:\Github\New folder\himalaypinewood\Himalayan_Angular\Himalayan_Angular\app\component\admin\admin.component.js
F:\Github\New folder\himalaypinewood\Himalayan_Angular\Himalayan_Angular\app\component\admin\admin.component.js.map
F:\Github\New folder\himalaypinewood\Himalayan_Angular\Himalayan_Angular\app\app.module.js
F:\Github\New folder\himalaypinewood\Himalayan_Angular\Himalayan_Angular\app\app.module.js.map
F:\Github\New folder\himalaypinewood\Himalayan_Angular\Himalayan_Angular\app\main.js
F:\Github\New folder\himalaypinewood\Himalayan_Angular\Himalayan_Angular\app\main.js.map
F:\Github\New folder\himalaypinewood\Himalayan_Angular\Himalayan_Angular\app\model\model.js
F:\Github\New folder\himalaypinewood\Himalayan_Angular\Himalayan_Angular\app\model\model.js.map
F:\Github\New folder\himalaypinewood\Himalayan_Angular\Himalayan_Angular\app\servies\BaseServices.js
F:\Github\New folder\himalaypinewood\Himalayan_Angular\Himalayan_Angular\app\servies\BaseServices.js.map
F:\Github\New folder\himalaypinewood\Himalayan_Angular\Himalayan_Angular\app\app.component.js
F:\Github\New folder\himalaypinewood\Himalayan_Angular\Himalayan_Angular\app\app.component.js.map
F:\Github\New folder\himalaypinewood\Himalayan_Angular\Himalayan_Angular\app\component\public\public.js
F:\Github\New folder\himalaypinewood\Himalayan_Angular\Himalayan_Angular\app\component\public\public.js.map
F:\Github\New folder\himalaypinewood\Himalayan_Angular\Himalayan_Angular\app\component\admin\admin.component.js
F:\Github\New folder\himalaypinewood\Himalayan_Angular\Himalayan_Angular\app\component\admin\admin.component.js.map
F:\Github\New folder\himalaypinewood\Himalayan_Angular\Himalayan_Angular\app\app.module.js
F:\Github\New folder\himalaypinewood\Himalayan_Angular\Himalayan_Angular\app\app.module.js.map
F:\Github\New folder\himalaypinewood\Himalayan_Angular\Himalayan_Angular\app\main.js
F:\Github\New folder\himalaypinewood\Himalayan_Angular\Himalayan_Angular\app\main.js.map
F:\Github\New folder\himalaypinewood\Himalayan_Angular\Himalayan_Angular\app\model\model.js
F:\Github\New folder\himalaypinewood\Himalayan_Angular\Himalayan_Angular\app\model\model.js.map
F:\Github\New folder\himalaypinewood\Himalayan_Angular\Himalayan_Angular\app\servies\BaseServices.js
F:\Github\New folder\himalaypinewood\Himalayan_Angular\Himalayan_Angular\app\servies\BaseServices.js.map
F:\Github\New folder\himalaypinewood\Himalayan_Angular\Himalayan_Angular\app\app.component.js
F:\Github\New folder\himalaypinewood\Himalayan_Angular\Himalayan_Angular\app\app.component.js.map
F:\Github\New folder\himalaypinewood\Himalayan_Angular\Himalayan_Angular\app\component\public\public.js
F:\Github\New folder\himalaypinewood\Himalayan_Angular\Himalayan_Angular\app\component\public\public.js.map
F:\Github\New folder\himalaypinewood\Himalayan_Angular\Himalayan_Angular\app\component\admin\admin.component.js
F:\Github\New folder\himalaypinewood\Himalayan_Angular\Himalayan_Angular\app\component\admin\admin.component.js.map
F:\Github\New folder\himalaypinewood\Himalayan_Angular\Himalayan_Angular\app\app.module.js
F:\Github\New folder\himalaypinewood\Himalayan_Angular\Himalayan_Angular\app\app.module.js.map
F:\Github\New folder\himalaypinewood\Himalayan_Angular\Himalayan_Angular\app\main.js
F:\Github\New folder\himalaypinewood\Himalayan_Angular\Himalayan_Angular\app\main.js.map
F:\Github\New folder\himalaypinewood\Himalayan_Angular\Himalayan_Angular\app\model\model.js
F:\Github\New folder\himalaypinewood\Himalayan_Angular\Himalayan_Angular\app\model\model.js.map
F:\Github\New folder\himalaypinewood\Himalayan_Angular\Himalayan_Angular\app\servies\BaseServices.js
F:\Github\New folder\himalaypinewood\Himalayan_Angular\Himalayan_Angular\app\servies\BaseServices.js.map
F:\Github\New folder\himalaypinewood\Himalayan_Angular\Himalayan_Angular\app\app.component.js
F:\Github\New folder\himalaypinewood\Himalayan_Angular\Himalayan_Angular\app\app.component.js.map
F:\Github\New folder\himalaypinewood\Himalayan_Angular\Himalayan_Angular\app\component\public\public.js
F:\Github\New folder\himalaypinewood\Himalayan_Angular\Himalayan_Angular\app\component\public\public.js.map
F:\Github\New folder\himalaypinewood\Himalayan_Angular\Himalayan_Angular\app\component\admin\admin.component.js
F:\Github\New folder\himalaypinewood\Himalayan_Angular\Himalayan_Angular\app\component\admin\admin.component.js.map
F:\Github\New folder\himalaypinewood\Himalayan_Angular\Himalayan_Angular\app\app.module.js
F:\Github\New folder\himalaypinewood\Himalayan_Angular\Himalayan_Angular\app\app.module.js.map
F:\Github\New folder\himalaypinewood\Himalayan_Angular\Himalayan_Angular\app\main.js
F:\Github\New folder\himalaypinewood\Himalayan_Angular\Himalayan_Angular\app\main.js.map
F:\Github\New folder\himalaypinewood\Himalayan_Angular\Himalayan_Angular\app\model\model.js
F:\Github\New folder\himalaypinewood\Himalayan_Angular\Himalayan_Angular\app\model\model.js.map
F:\Github\New folder\himalaypinewood\Himalayan_Angular\Himalayan_Angular\app\servies\BaseServices.js
F:\Github\New folder\himalaypinewood\Himalayan_Angular\Himalayan_Angular\app\servies\BaseServices.js.map
F:\Github\New folder\himalaypinewood\Himalayan_Angular\Himalayan_Angular\app\app.component.js
F:\Github\New folder\himalaypinewood\Himalayan_Angular\Himalayan_Angular\app\app.component.js.map
F:\Github\New folder\himalaypinewood\Himalayan_Angular\Himalayan_Angular\app\component\public\public.js
F:\Github\New folder\himalaypinewood\Himalayan_Angular\Himalayan_Angular\app\component\public\public.js.map
F:\Github\New folder\himalaypinewood\Himalayan_Angular\Himalayan_Angular\app\component\admin\admin.component.js
F:\Github\New folder\himalaypinewood\Himalayan_Angular\Himalayan_Angular\app\component\admin\admin.component.js.map
F:\Github\New folder\himalaypinewood\Himalayan_Angular\Himalayan_Angular\app\component\admin\dashboard\dashboard.component.js
F:\Github\New folder\himalaypinewood\Himalayan_Angular\Himalayan_Angular\app\component\admin\dashboard\dashboard.component.js.map
F:\Github\New folder\himalaypinewood\Himalayan_Angular\Himalayan_Angular\app\app.module.js
F:\Github\New folder\himalaypinewood\Himalayan_Angular\Himalayan_Angular\app\app.module.js.map
F:\Github\New folder\himalaypinewood\Himalayan_Angular\Himalayan_Angular\app\main.js
F:\Github\New folder\himalaypinewood\Himalayan_Angular\Himalayan_Angular\app\main.js.map
F:\Github\New folder\himalaypinewood\Himalayan_Angular\Himalayan_Angular\app\model\model.js
F:\Github\New folder\himalaypinewood\Himalayan_Angular\Himalayan_Angular\app\model\model.js.map
F:\Github\New folder\himalaypinewood\Himalayan_Angular\Himalayan_Angular\app\servies\BaseServices.js
F:\Github\New folder\himalaypinewood\Himalayan_Angular\Himalayan_Angular\app\servies\BaseServices.js.map
